<?xml version="1.0" encoding="UTF-8"?>
<testsuite name="com.atelier.android.core.upload.RoomUploadPreparerTest" tests="2" skipped="0" failures="0" errors="0" timestamp="2026-06-18T04:51:52.115Z" hostname="DESKTOP-3MLASM6" time="0.003">
  <properties/>
  <testcase name="buildsMultipartRoomUploadRequestParts" classname="com.atelier.android.core.upload.RoomUploadPreparerTest" time="0.003"/>
  <testcase name="validatesMissingNameAndImage" classname="com.atelier.android.core.upload.RoomUploadPreparerTest" time="0.0"/>
  <system-out><![CDATA[]]></system-out>
  <system-err><![CDATA[]]></system-err>
</testsuite>
