<?xml version="1.0" encoding="UTF-8"?>
<testsuite name="com.atelier.android.feature.shell.ShellViewModelTest" tests="3" skipped="0" failures="0" errors="0" timestamp="2026-06-16T03:58:33.564Z" hostname="DESKTOP-3MLASM6" time="0.012">
  <properties/>
  <testcase name="restoreSessionAuthenticatesWhenCurrentUserExists" classname="com.atelier.android.feature.shell.ShellViewModelTest" time="0.008"/>
  <testcase name="selectedStyleIsStoredAgainstCurrentRoom" classname="com.atelier.android.feature.shell.ShellViewModelTest" time="0.002"/>
  <testcase name="sessionInvalidationRoutesBackToAuthAndClearsSelectedRoom" classname="com.atelier.android.feature.shell.ShellViewModelTest" time="0.002"/>
  <system-out><![CDATA[]]></system-out>
  <system-err><![CDATA[]]></system-err>
</testsuite>
