<?xml version="1.0" encoding="UTF-8"?>
<testsuite name="com.atelier.android.core.network.AuthInterceptorsTest" tests="3" skipped="0" failures="0" errors="0" timestamp="2026-06-18T04:51:50.096Z" hostname="DESKTOP-3MLASM6" time="0.314">
  <properties/>
  <testcase name="authHeaderInterceptorInjectsBearerToken" classname="com.atelier.android.core.network.AuthInterceptorsTest" time="0.302"/>
  <testcase name="authHeaderInterceptorSkipsBlankToken" classname="com.atelier.android.core.network.AuthInterceptorsTest" time="0.005"/>
  <testcase name="sessionResetInterceptorClearsTokenAndSignalsOn401" classname="com.atelier.android.core.network.AuthInterceptorsTest" time="0.007"/>
  <system-out><![CDATA[]]></system-out>
  <system-err><![CDATA[]]></system-err>
</testsuite>
