<?xml version="1.0" encoding="UTF-8"?>
<testsuite name="com.atelier.android.feature.redesign.GeneratingViewModelTest" tests="3" skipped="0" failures="0" errors="0" timestamp="2026-06-18T04:51:50.444Z" hostname="DESKTOP-3MLASM6" time="0.022">
  <properties/>
  <testcase name="clearCompletedRedesignRemovesCompletionPayload" classname="com.atelier.android.feature.redesign.GeneratingViewModelTest" time="0.015"/>
  <testcase name="generateStoresSuccessfulRedesign" classname="com.atelier.android.feature.redesign.GeneratingViewModelTest" time="0.003"/>
  <testcase name="generateMapsFailureToErrorState" classname="com.atelier.android.feature.redesign.GeneratingViewModelTest" time="0.003"/>
  <system-out><![CDATA[]]></system-out>
  <system-err><![CDATA[]]></system-err>
</testsuite>
