<?xml version="1.0" encoding="UTF-8"?>
<testsuite name="com.atelier.android.feature.rooms.RoomsViewModelsTest" tests="3" skipped="0" failures="0" errors="0" timestamp="2026-06-16T03:58:33.554Z" hostname="DESKTOP-3MLASM6" time="0.009">
  <properties/>
  <testcase name="logoutClearsLocalSession" classname="com.atelier.android.feature.rooms.RoomsViewModelsTest" time="0.004"/>
  <testcase name="roomsListMapsPopulatedState" classname="com.atelier.android.feature.rooms.RoomsViewModelsTest" time="0.003"/>
  <testcase name="roomsListMapsEmptyState" classname="com.atelier.android.feature.rooms.RoomsViewModelsTest" time="0.002"/>
  <system-out><![CDATA[]]></system-out>
  <system-err><![CDATA[]]></system-err>
</testsuite>
